<?xml version="1.0" encoding="UTF-8"?>
<testsuite xmlns:xsi="http://www.w3.org/2001/XMLSchema-instance" xsi:noNamespaceSchemaLocation="https://maven.apache.org/surefire/maven-surefire-plugin/xsd/surefire-test-report.xsd" name="fact.it.zoo.StaffTests" time="1.702" tests="3" errors="0" skipped="0" failures="0">
  <properties>
[...]
</properties>
  <testcase name="testConstructorEnGetters" classname="fact.it.zoo.StaffTests" time="0.304"/>
  <testcase name="testToString" classname="fact.it.zoo.StaffTests" time="0.003"/>
  <testcase name="testToString2" classname="fact.it.zoo.StaffTests" time="0.002"/>
</testsuite>